[1] "==============="
[1] "2017-01-17"
[1] "Already Done!"
[1] "DB Disconnect:"
[1] TRUE
[1] "==============="
[1] "==============="
[1] "2017-01-17"
[1] "Already Done!"
[1] "DB Disconnect:"
[1] TRUE
[1] "==============="
[1] "==============="
[1] "2017-01-17 16:32:39 CST"
[1] "Already Done!"
[1] "DB Disconnect:"
[1] TRUE
[1] "==============="
[1] "==============="
[1] "2017-01-18 10:45:26 CST"
[1] "MVP_race Table Wrote:"
[1] "Full Data Table Wrote:"
[1] "Updated Data!"
[1] "DB Disconnect:"
[1] TRUE
[1] "==============="
[1] "==============="
[1] "2017-01-19 09:36:47 CST"
[1] "MVP_race Table Wrote:"
[1] "Full Data Table Wrote:"
[1] "Updated Data!"
[1] "DB Disconnect:"
[1] TRUE
[1] "==============="
[1] "==============="
[1] "2017-01-19 13:20:39 CST"
[1] "Already Done!"
[1] "DB Disconnect:"
[1] TRUE
[1] "==============="
[1] "==============="
[1] "2017-01-19 13:28:19 CST"
[1] "Already Done!"
[1] "DB Disconnect:"
[1] TRUE
[1] "==============="
[1] "==============="
[1] "2017-01-20 10:10:17 CST"
[1] "MVP_race Table Wrote:"
[1] "Full Data Table Wrote:"
[1] "Updated Data!"
[1] "DB Disconnect:"
[1] TRUE
[1] "==============="
[1] "==============="
[1] "2017-01-21 10:46:03 CST"
[1] "MVP_race Table Wrote:"
[1] "Full Data Table Wrote:"
[1] "Updated Data!"
[1] "DB Disconnect:"
[1] TRUE
[1] "==============="
[1] "==============="
[1] "2017-01-22 14:26:51 CST"
[1] "MVP_race Table Wrote:"
[1] "Full Data Table Wrote:"
[1] "Updated Data!"
[1] "DB Disconnect:"
[1] TRUE
[1] "==============="
[1] "==============="
[1] "2017-01-23 10:50:29 CST"
[1] "MVP_race Table Wrote:"
[1] "Full Data Table Wrote:"
[1] "Updated Data!"
[1] "DB Disconnect:"
[1] TRUE
[1] "==============="
[1] "==============="
[1] "2017-01-24 10:11:46 CST"
[1] "MVP_race Table Wrote:"
[1] "Full Data Table Wrote:"
[1] "Updated Data!"
[1] "DB Disconnect:"
[1] TRUE
[1] "==============="
[1] "==============="
[1] "2017-01-25 10:10:21 CST"
[1] "MVP_race Table Wrote:"
[1] "Full Data Table Wrote:"
[1] "Updated Data!"
[1] "DB Disconnect:"
[1] TRUE
[1] "==============="
[1] "==============="
[1] "2017-01-26 10:10:20 CST"
[1] "MVP_race Table Wrote:"
[1] "Full Data Table Wrote:"
[1] "Updated Data!"
[1] "DB Disconnect:"
[1] TRUE
[1] "==============="
[1] "==============="
[1] "2017-01-27 10:41:36 CST"
[1] "MVP_race Table Wrote:"
[1] "Full Data Table Wrote:"
[1] "Updated Data!"
[1] "DB Disconnect:"
[1] TRUE
[1] "==============="
[1] "==============="
[1] "2017-01-28 12:38:56 CST"
[1] "MVP_race Table Wrote:"
[1] "Full Data Table Wrote:"
[1] "Updated Data!"
[1] "DB Disconnect:"
[1] TRUE
[1] "==============="
[1] "==============="
[1] "2017-01-29 11:15:30 CST"
[1] "MVP_race Table Wrote:"
[1] "Full Data Table Wrote:"
[1] "Updated Data!"
[1] "DB Disconnect:"
[1] TRUE
[1] "==============="
[1] "==============="
[1] "2017-01-30 10:03:53 CST"
[1] "MVP_race Table Wrote:"
[1] "Full Data Table Wrote:"
[1] "Updated Data!"
[1] "DB Disconnect:"
[1] TRUE
[1] "==============="
[1] "==============="
[1] "2017-01-30 10:10:20 CST"
[1] "Already Done!"
[1] "DB Disconnect:"
[1] TRUE
[1] "==============="
